0 info it worked if it ends with ok
1 verbose cli [ 'node', '/usr/local/bin/npm', 'install' ]
2 info using npm@1.4.28
3 info using node@v0.10.35
4 verbose readDependencies using package.json deps
5 verbose install where, deps [ '/Users/David/Dropbox/intro projects/node/flapper_news/flapper-news',
5 verbose install   [ 'body-parser',
5 verbose install     'cookie-parser',
5 verbose install     'debug',
5 verbose install     'ejs',
5 verbose install     'express',
5 verbose install     'morgan',
5 verbose install     'serve-favicon' ] ]
6 info preinstall flapper-news@0.0.0
7 verbose readDependencies using package.json deps
8 verbose cache add [ 'body-parser@~1.10.2', null ]
9 verbose cache add name=undefined spec="body-parser@~1.10.2" args=["body-parser@~1.10.2",null]
10 verbose parsed url { protocol: null,
10 verbose parsed url   slashes: null,
10 verbose parsed url   auth: null,
10 verbose parsed url   host: null,
10 verbose parsed url   port: null,
10 verbose parsed url   hostname: null,
10 verbose parsed url   hash: null,
10 verbose parsed url   search: null,
10 verbose parsed url   query: null,
10 verbose parsed url   pathname: 'body-parser@~1.10.2',
10 verbose parsed url   path: 'body-parser@~1.10.2',
10 verbose parsed url   href: 'body-parser@~1.10.2' }
11 verbose cache add [ 'cookie-parser@~1.3.3', null ]
12 verbose cache add name=undefined spec="cookie-parser@~1.3.3" args=["cookie-parser@~1.3.3",null]
13 verbose parsed url { protocol: null,
13 verbose parsed url   slashes: null,
13 verbose parsed url   auth: null,
13 verbose parsed url   host: null,
13 verbose parsed url   port: null,
13 verbose parsed url   hostname: null,
13 verbose parsed url   hash: null,
13 verbose parsed url   search: null,
13 verbose parsed url   query: null,
13 verbose parsed url   pathname: 'cookie-parser@~1.3.3',
13 verbose parsed url   path: 'cookie-parser@~1.3.3',
13 verbose parsed url   href: 'cookie-parser@~1.3.3' }
14 verbose cache add [ 'debug@~2.1.1', null ]
15 verbose cache add name=undefined spec="debug@~2.1.1" args=["debug@~2.1.1",null]
16 verbose parsed url { protocol: null,
16 verbose parsed url   slashes: null,
16 verbose parsed url   auth: null,
16 verbose parsed url   host: null,
16 verbose parsed url   port: null,
16 verbose parsed url   hostname: null,
16 verbose parsed url   hash: null,
16 verbose parsed url   search: null,
16 verbose parsed url   query: null,
16 verbose parsed url   pathname: 'debug@~2.1.1',
16 verbose parsed url   path: 'debug@~2.1.1',
16 verbose parsed url   href: 'debug@~2.1.1' }
17 verbose cache add [ 'ejs@~2.2.3', null ]
18 verbose cache add name=undefined spec="ejs@~2.2.3" args=["ejs@~2.2.3",null]
19 verbose parsed url { protocol: null,
19 verbose parsed url   slashes: null,
19 verbose parsed url   auth: null,
19 verbose parsed url   host: null,
19 verbose parsed url   port: null,
19 verbose parsed url   hostname: null,
19 verbose parsed url   hash: null,
19 verbose parsed url   search: null,
19 verbose parsed url   query: null,
19 verbose parsed url   pathname: 'ejs@~2.2.3',
19 verbose parsed url   path: 'ejs@~2.2.3',
19 verbose parsed url   href: 'ejs@~2.2.3' }
20 verbose cache add [ 'express@~4.11.1', null ]
21 verbose cache add name=undefined spec="express@~4.11.1" args=["express@~4.11.1",null]
22 verbose parsed url { protocol: null,
22 verbose parsed url   slashes: null,
22 verbose parsed url   auth: null,
22 verbose parsed url   host: null,
22 verbose parsed url   port: null,
22 verbose parsed url   hostname: null,
22 verbose parsed url   hash: null,
22 verbose parsed url   search: null,
22 verbose parsed url   query: null,
22 verbose parsed url   pathname: 'express@~4.11.1',
22 verbose parsed url   path: 'express@~4.11.1',
22 verbose parsed url   href: 'express@~4.11.1' }
23 verbose cache add name="body-parser" spec="~1.10.2" args=["body-parser","~1.10.2"]
24 verbose parsed url { protocol: null,
24 verbose parsed url   slashes: null,
24 verbose parsed url   auth: null,
24 verbose parsed url   host: null,
24 verbose parsed url   port: null,
24 verbose parsed url   hostname: null,
24 verbose parsed url   hash: null,
24 verbose parsed url   search: null,
24 verbose parsed url   query: null,
24 verbose parsed url   pathname: '~1.10.2',
24 verbose parsed url   path: '~1.10.2',
24 verbose parsed url   href: '~1.10.2' }
25 verbose addNamed [ 'body-parser', '~1.10.2' ]
26 verbose addNamed [ null, '>=1.10.2-0 <1.11.0-0' ]
27 verbose cache add name="cookie-parser" spec="~1.3.3" args=["cookie-parser","~1.3.3"]
28 verbose parsed url { protocol: null,
28 verbose parsed url   slashes: null,
28 verbose parsed url   auth: null,
28 verbose parsed url   host: null,
28 verbose parsed url   port: null,
28 verbose parsed url   hostname: null,
28 verbose parsed url   hash: null,
28 verbose parsed url   search: null,
28 verbose parsed url   query: null,
28 verbose parsed url   pathname: '~1.3.3',
28 verbose parsed url   path: '~1.3.3',
28 verbose parsed url   href: '~1.3.3' }
29 verbose addNamed [ 'cookie-parser', '~1.3.3' ]
30 verbose addNamed [ null, '>=1.3.3-0 <1.4.0-0' ]
31 verbose cache add name="debug" spec="~2.1.1" args=["debug","~2.1.1"]
32 verbose parsed url { protocol: null,
32 verbose parsed url   slashes: null,
32 verbose parsed url   auth: null,
32 verbose parsed url   host: null,
32 verbose parsed url   port: null,
32 verbose parsed url   hostname: null,
32 verbose parsed url   hash: null,
32 verbose parsed url   search: null,
32 verbose parsed url   query: null,
32 verbose parsed url   pathname: '~2.1.1',
32 verbose parsed url   path: '~2.1.1',
32 verbose parsed url   href: '~2.1.1' }
33 verbose addNamed [ 'debug', '~2.1.1' ]
34 verbose addNamed [ null, '>=2.1.1-0 <2.2.0-0' ]
35 verbose cache add name="ejs" spec="~2.2.3" args=["ejs","~2.2.3"]
36 verbose parsed url { protocol: null,
36 verbose parsed url   slashes: null,
36 verbose parsed url   auth: null,
36 verbose parsed url   host: null,
36 verbose parsed url   port: null,
36 verbose parsed url   hostname: null,
36 verbose parsed url   hash: null,
36 verbose parsed url   search: null,
36 verbose parsed url   query: null,
36 verbose parsed url   pathname: '~2.2.3',
36 verbose parsed url   path: '~2.2.3',
36 verbose parsed url   href: '~2.2.3' }
37 verbose addNamed [ 'ejs', '~2.2.3' ]
38 verbose addNamed [ null, '>=2.2.3-0 <2.3.0-0' ]
39 verbose cache add [ 'morgan@~1.5.1', null ]
40 verbose cache add name=undefined spec="morgan@~1.5.1" args=["morgan@~1.5.1",null]
41 verbose parsed url { protocol: null,
41 verbose parsed url   slashes: null,
41 verbose parsed url   auth: null,
41 verbose parsed url   host: null,
41 verbose parsed url   port: null,
41 verbose parsed url   hostname: null,
41 verbose parsed url   hash: null,
41 verbose parsed url   search: null,
41 verbose parsed url   query: null,
41 verbose parsed url   pathname: 'morgan@~1.5.1',
41 verbose parsed url   path: 'morgan@~1.5.1',
41 verbose parsed url   href: 'morgan@~1.5.1' }
42 verbose cache add [ 'serve-favicon@~2.2.0', null ]
43 verbose cache add name=undefined spec="serve-favicon@~2.2.0" args=["serve-favicon@~2.2.0",null]
44 verbose parsed url { protocol: null,
44 verbose parsed url   slashes: null,
44 verbose parsed url   auth: null,
44 verbose parsed url   host: null,
44 verbose parsed url   port: null,
44 verbose parsed url   hostname: null,
44 verbose parsed url   hash: null,
44 verbose parsed url   search: null,
44 verbose parsed url   query: null,
44 verbose parsed url   pathname: 'serve-favicon@~2.2.0',
44 verbose parsed url   path: 'serve-favicon@~2.2.0',
44 verbose parsed url   href: 'serve-favicon@~2.2.0' }
45 verbose cache add name="express" spec="~4.11.1" args=["express","~4.11.1"]
46 verbose parsed url { protocol: null,
46 verbose parsed url   slashes: null,
46 verbose parsed url   auth: null,
46 verbose parsed url   host: null,
46 verbose parsed url   port: null,
46 verbose parsed url   hostname: null,
46 verbose parsed url   hash: null,
46 verbose parsed url   search: null,
46 verbose parsed url   query: null,
46 verbose parsed url   pathname: '~4.11.1',
46 verbose parsed url   path: '~4.11.1',
46 verbose parsed url   href: '~4.11.1' }
47 verbose addNamed [ 'express', '~4.11.1' ]
48 verbose addNamed [ null, '>=4.11.1-0 <4.12.0-0' ]
49 silly lockFile 72eb9479-body-parser-1-10-2 body-parser@~1.10.2
50 verbose lock body-parser@~1.10.2 /Users/David/.npm/72eb9479-body-parser-1-10-2.lock
51 silly lockFile bf5babd8-cookie-parser-1-3-3 cookie-parser@~1.3.3
52 verbose lock cookie-parser@~1.3.3 /Users/David/.npm/bf5babd8-cookie-parser-1-3-3.lock
53 silly lockFile 09d11068-debug-2-1-1 debug@~2.1.1
54 verbose lock debug@~2.1.1 /Users/David/.npm/09d11068-debug-2-1-1.lock
55 silly lockFile 4a8f038c-ejs-2-2-3 ejs@~2.2.3
56 verbose lock ejs@~2.2.3 /Users/David/.npm/4a8f038c-ejs-2-2-3.lock
57 silly lockFile 494d735c-express-4-11-1 express@~4.11.1
58 verbose lock express@~4.11.1 /Users/David/.npm/494d735c-express-4-11-1.lock
59 verbose cache add name="morgan" spec="~1.5.1" args=["morgan","~1.5.1"]
60 verbose parsed url { protocol: null,
60 verbose parsed url   slashes: null,
60 verbose parsed url   auth: null,
60 verbose parsed url   host: null,
60 verbose parsed url   port: null,
60 verbose parsed url   hostname: null,
60 verbose parsed url   hash: null,
60 verbose parsed url   search: null,
60 verbose parsed url   query: null,
60 verbose parsed url   pathname: '~1.5.1',
60 verbose parsed url   path: '~1.5.1',
60 verbose parsed url   href: '~1.5.1' }
61 verbose addNamed [ 'morgan', '~1.5.1' ]
62 verbose addNamed [ null, '>=1.5.1-0 <1.6.0-0' ]
63 silly lockFile 66ba047d-morgan-1-5-1 morgan@~1.5.1
64 verbose lock morgan@~1.5.1 /Users/David/.npm/66ba047d-morgan-1-5-1.lock
65 verbose cache add name="serve-favicon" spec="~2.2.0" args=["serve-favicon","~2.2.0"]
66 verbose parsed url { protocol: null,
66 verbose parsed url   slashes: null,
66 verbose parsed url   auth: null,
66 verbose parsed url   host: null,
66 verbose parsed url   port: null,
66 verbose parsed url   hostname: null,
66 verbose parsed url   hash: null,
66 verbose parsed url   search: null,
66 verbose parsed url   query: null,
66 verbose parsed url   pathname: '~2.2.0',
66 verbose parsed url   path: '~2.2.0',
66 verbose parsed url   href: '~2.2.0' }
67 verbose addNamed [ 'serve-favicon', '~2.2.0' ]
68 verbose addNamed [ null, '>=2.2.0-0 <2.3.0-0' ]
69 silly lockFile 9df5bad7-serve-favicon-2-2-0 serve-favicon@~2.2.0
70 verbose lock serve-favicon@~2.2.0 /Users/David/.npm/9df5bad7-serve-favicon-2-2-0.lock
71 silly addNameRange { name: 'body-parser',
71 silly addNameRange   range: '>=1.10.2-0 <1.11.0-0',
71 silly addNameRange   hasData: false }
72 silly addNameRange { name: 'cookie-parser',
72 silly addNameRange   range: '>=1.3.3-0 <1.4.0-0',
72 silly addNameRange   hasData: false }
73 silly addNameRange { name: 'ejs', range: '>=2.2.3-0 <2.3.0-0', hasData: false }
74 silly addNameRange { name: 'debug', range: '>=2.1.1-0 <2.2.0-0', hasData: false }
75 silly addNameRange { name: 'express',
75 silly addNameRange   range: '>=4.11.1-0 <4.12.0-0',
75 silly addNameRange   hasData: false }
76 silly addNameRange { name: 'morgan', range: '>=1.5.1-0 <1.6.0-0', hasData: false }
77 silly addNameRange { name: 'serve-favicon',
77 silly addNameRange   range: '>=2.2.0-0 <2.3.0-0',
77 silly addNameRange   hasData: false }
78 verbose request where is /cookie-parser
79 verbose request registry https://registry.npmjs.org/
80 verbose request id e8c410c243a7a3e5
81 verbose url raw /cookie-parser
82 verbose url resolving [ 'https://registry.npmjs.org/', './cookie-parser' ]
83 verbose url resolved https://registry.npmjs.org/cookie-parser
84 verbose request where is https://registry.npmjs.org/cookie-parser
85 info trying registry request attempt 1 at 13:05:20
86 http GET https://registry.npmjs.org/cookie-parser
87 verbose request where is /morgan
88 verbose request registry https://registry.npmjs.org/
89 verbose url raw /morgan
90 verbose url resolving [ 'https://registry.npmjs.org/', './morgan' ]
91 verbose url resolved https://registry.npmjs.org/morgan
92 verbose request where is https://registry.npmjs.org/morgan
93 info trying registry request attempt 1 at 13:05:20
94 http GET https://registry.npmjs.org/morgan
95 verbose request where is /serve-favicon
96 verbose request registry https://registry.npmjs.org/
97 verbose url raw /serve-favicon
98 verbose url resolving [ 'https://registry.npmjs.org/', './serve-favicon' ]
99 verbose url resolved https://registry.npmjs.org/serve-favicon
100 verbose request where is https://registry.npmjs.org/serve-favicon
101 info trying registry request attempt 1 at 13:05:20
102 http GET https://registry.npmjs.org/serve-favicon
103 verbose request where is /debug
104 verbose request registry https://registry.npmjs.org/
105 verbose url raw /debug
106 verbose url resolving [ 'https://registry.npmjs.org/', './debug' ]
107 verbose url resolved https://registry.npmjs.org/debug
108 verbose request where is https://registry.npmjs.org/debug
109 info trying registry request attempt 1 at 13:05:20
110 verbose etag "3OUBPQ62PQL6618PPQTBTTOHV"
111 http GET https://registry.npmjs.org/debug
112 verbose request where is /express
113 verbose request registry https://registry.npmjs.org/
114 verbose url raw /express
115 verbose url resolving [ 'https://registry.npmjs.org/', './express' ]
116 verbose url resolved https://registry.npmjs.org/express
117 verbose request where is https://registry.npmjs.org/express
118 info trying registry request attempt 1 at 13:05:20
119 verbose etag "CILLVS30QB2FDISDV47HWNIDC"
120 http GET https://registry.npmjs.org/express
121 verbose request where is /ejs
122 verbose request registry https://registry.npmjs.org/
123 verbose url raw /ejs
124 verbose url resolving [ 'https://registry.npmjs.org/', './ejs' ]
125 verbose url resolved https://registry.npmjs.org/ejs
126 verbose request where is https://registry.npmjs.org/ejs
127 info trying registry request attempt 1 at 13:05:20
128 verbose etag "5GPNQTTE2XB2NM83T37J14ZQ1"
129 http GET https://registry.npmjs.org/ejs
130 verbose request where is /body-parser
131 verbose request registry https://registry.npmjs.org/
132 verbose url raw /body-parser
133 verbose url resolving [ 'https://registry.npmjs.org/', './body-parser' ]
134 verbose url resolved https://registry.npmjs.org/body-parser
135 verbose request where is https://registry.npmjs.org/body-parser
136 info trying registry request attempt 1 at 13:05:20
137 verbose etag "4IFONEC84EE4Q0TS75ZGBCWFC"
138 http GET https://registry.npmjs.org/body-parser
139 http 304 https://registry.npmjs.org/debug
140 silly registry.get cb [ 304,
140 silly registry.get   { date: 'Sat, 14 Feb 2015 21:05:21 GMT',
140 silly registry.get     server: 'Apache',
140 silly registry.get     via: '1.1 varnish',
140 silly registry.get     'last-modified': 'Sat, 14 Feb 2015 21:05:21 GMT',
140 silly registry.get     'cache-control': 'max-age=60',
140 silly registry.get     etag: '"3OUBPQ62PQL6618PPQTBTTOHV"',
140 silly registry.get     age: '52',
140 silly registry.get     'x-served-by': 'cache-lax1429-LAX',
140 silly registry.get     'x-cache': 'HIT',
140 silly registry.get     'x-cache-hits': '1',
140 silly registry.get     'x-timer': 'S1423947921.159749,VS0,VE0',
140 silly registry.get     vary: 'Accept',
140 silly registry.get     'content-length': '0',
140 silly registry.get     'keep-alive': 'timeout=10, max=50',
140 silly registry.get     connection: 'Keep-Alive' } ]
141 verbose etag https://registry.npmjs.org/debug from cache
142 silly addNameRange number 2 { name: 'debug', range: '>=2.1.1-0 <2.2.0-0', hasData: true }
143 silly addNameRange versions [ 'debug',
143 silly addNameRange   [ '0.0.1',
143 silly addNameRange     '0.1.0',
143 silly addNameRange     '0.2.0',
143 silly addNameRange     '0.3.0',
143 silly addNameRange     '0.4.0',
143 silly addNameRange     '0.4.1',
143 silly addNameRange     '0.5.0',
143 silly addNameRange     '0.6.0',
143 silly addNameRange     '0.7.0',
143 silly addNameRange     '0.7.1',
143 silly addNameRange     '0.7.2',
143 silly addNameRange     '0.7.3',
143 silly addNameRange     '0.7.4',
143 silly addNameRange     '0.8.0',
143 silly addNameRange     '0.8.1',
143 silly addNameRange     '1.0.0',
143 silly addNameRange     '1.0.1',
143 silly addNameRange     '1.0.2',
143 silly addNameRange     '1.0.3',
143 silly addNameRange     '1.0.4',
143 silly addNameRange     '2.0.0',
143 silly addNameRange     '2.1.0',
143 silly addNameRange     '2.1.1' ] ]
144 verbose addNamed [ 'debug', '2.1.1' ]
145 verbose addNamed [ '2.1.1', '2.1.1' ]
146 silly lockFile 656b33b7-debug-2-1-1 debug@2.1.1
147 verbose lock debug@2.1.1 /Users/David/.npm/656b33b7-debug-2-1-1.lock
148 http 200 https://registry.npmjs.org/serve-favicon
149 silly registry.get cb [ 200,
149 silly registry.get   { date: 'Sat, 14 Feb 2015 21:05:21 GMT',
149 silly registry.get     server: 'CouchDB/1.5.0 (Erlang OTP/R16B03)',
149 silly registry.get     etag: '"CW0HF4VDAMAFGXS5G1JD88SRR"',
149 silly registry.get     'content-type': 'application/json',
149 silly registry.get     'cache-control': 'max-age=60',
149 silly registry.get     'content-length': '20492',
149 silly registry.get     'accept-ranges': 'bytes',
149 silly registry.get     via: '1.1 varnish',
149 silly registry.get     age: '1',
149 silly registry.get     'x-served-by': 'cache-lax1431-LAX',
149 silly registry.get     'x-cache': 'HIT',
149 silly registry.get     'x-cache-hits': '1',
149 silly registry.get     'x-timer': 'S1423947921.148125,VS0,VE0',
149 silly registry.get     vary: 'Accept',
149 silly registry.get     'keep-alive': 'timeout=10, max=50',
149 silly registry.get     connection: 'Keep-Alive' } ]
150 http 200 https://registry.npmjs.org/morgan
151 silly registry.get cb [ 200,
151 silly registry.get   { date: 'Sat, 14 Feb 2015 21:05:21 GMT',
151 silly registry.get     server: 'CouchDB/1.5.0 (Erlang OTP/R16B03)',
151 silly registry.get     etag: '"1K9YEBUETVSA9LO1JSULWY06A"',
151 silly registry.get     'content-type': 'application/json',
151 silly registry.get     'cache-control': 'max-age=60',
151 silly registry.get     'content-length': '33703',
151 silly registry.get     'accept-ranges': 'bytes',
151 silly registry.get     via: '1.1 varnish',
151 silly registry.get     age: '2',
151 silly registry.get     'x-served-by': 'cache-lax1420-LAX',
151 silly registry.get     'x-cache': 'HIT',
151 silly registry.get     'x-cache-hits': '1',
151 silly registry.get     'x-timer': 'S1423947921.152219,VS0,VE0',
151 silly registry.get     vary: 'Accept',
151 silly registry.get     'keep-alive': 'timeout=10, max=50',
151 silly registry.get     connection: 'Keep-Alive' } ]
152 http 200 https://registry.npmjs.org/cookie-parser
153 silly registry.get cb [ 200,
153 silly registry.get   { date: 'Sat, 14 Feb 2015 21:05:21 GMT',
153 silly registry.get     server: 'CouchDB/1.5.0 (Erlang OTP/R16B03)',
153 silly registry.get     etag: '"8W6SXDY3U40R9WKWLYB64BDGC"',
153 silly registry.get     'content-type': 'application/json',
153 silly registry.get     'cache-control': 'max-age=60',
153 silly registry.get     'content-length': '14284',
153 silly registry.get     'accept-ranges': 'bytes',
153 silly registry.get     via: '1.1 varnish',
153 silly registry.get     age: '1',
153 silly registry.get     'x-served-by': 'cache-lax1432-LAX',
153 silly registry.get     'x-cache': 'HIT',
153 silly registry.get     'x-cache-hits': '1',
153 silly registry.get     'x-timer': 'S1423947921.157916,VS0,VE0',
153 silly registry.get     vary: 'Accept',
153 silly registry.get     'keep-alive': 'timeout=10, max=50',
153 silly registry.get     connection: 'Keep-Alive' } ]
154 silly addNameRange number 2 { name: 'morgan', range: '>=1.5.1-0 <1.6.0-0', hasData: true }
155 silly addNameRange versions [ 'morgan',
155 silly addNameRange   [ '1.0.0',
155 silly addNameRange     '1.0.1',
155 silly addNameRange     '1.1.0',
155 silly addNameRange     '1.1.1',
155 silly addNameRange     '1.2.0',
155 silly addNameRange     '1.2.1',
155 silly addNameRange     '1.2.2',
155 silly addNameRange     '1.2.3',
155 silly addNameRange     '1.3.0',
155 silly addNameRange     '1.3.1',
155 silly addNameRange     '1.3.2',
155 silly addNameRange     '1.4.0',
155 silly addNameRange     '1.4.1',
155 silly addNameRange     '1.5.0',
155 silly addNameRange     '1.5.1' ] ]
156 verbose addNamed [ 'morgan', '1.5.1' ]
157 verbose addNamed [ '1.5.1', '1.5.1' ]
158 silly lockFile 7ab299d0-morgan-1-5-1 morgan@1.5.1
159 verbose lock morgan@1.5.1 /Users/David/.npm/7ab299d0-morgan-1-5-1.lock
160 silly addNameRange number 2 { name: 'serve-favicon',
160 silly addNameRange   range: '>=2.2.0-0 <2.3.0-0',
160 silly addNameRange   hasData: true }
161 silly addNameRange versions [ 'serve-favicon',
161 silly addNameRange   [ '2.0.0',
161 silly addNameRange     '2.0.1',
161 silly addNameRange     '2.1.0',
161 silly addNameRange     '2.1.1',
161 silly addNameRange     '2.1.2',
161 silly addNameRange     '2.1.3',
161 silly addNameRange     '2.1.4',
161 silly addNameRange     '2.1.5',
161 silly addNameRange     '2.1.6',
161 silly addNameRange     '2.1.7',
161 silly addNameRange     '2.2.0' ] ]
162 verbose addNamed [ 'serve-favicon', '2.2.0' ]
163 verbose addNamed [ '2.2.0', '2.2.0' ]
164 silly lockFile cef81d7c-serve-favicon-2-2-0 serve-favicon@2.2.0
165 verbose lock serve-favicon@2.2.0 /Users/David/.npm/cef81d7c-serve-favicon-2-2-0.lock
166 silly addNameRange number 2 { name: 'cookie-parser',
166 silly addNameRange   range: '>=1.3.3-0 <1.4.0-0',
166 silly addNameRange   hasData: true }
167 silly addNameRange versions [ 'cookie-parser',
167 silly addNameRange   [ '1.0.0',
167 silly addNameRange     '1.0.1',
167 silly addNameRange     '1.1.0',
167 silly addNameRange     '1.2.0',
167 silly addNameRange     '1.3.0',
167 silly addNameRange     '1.3.1',
167 silly addNameRange     '1.3.2',
167 silly addNameRange     '1.3.3' ] ]
168 verbose addNamed [ 'cookie-parser', '1.3.3' ]
169 verbose addNamed [ '1.3.3', '1.3.3' ]
170 silly lockFile 68450bd4-cookie-parser-1-3-3 cookie-parser@1.3.3
171 verbose lock cookie-parser@1.3.3 /Users/David/.npm/68450bd4-cookie-parser-1-3-3.lock
172 http 304 https://registry.npmjs.org/ejs
173 silly registry.get cb [ 304,
173 silly registry.get   { date: 'Sat, 14 Feb 2015 21:05:21 GMT',
173 silly registry.get     server: 'Apache',
173 silly registry.get     via: '1.1 varnish',
173 silly registry.get     'last-modified': 'Sat, 14 Feb 2015 21:05:21 GMT',
173 silly registry.get     'cache-control': 'max-age=60',
173 silly registry.get     etag: '"5GPNQTTE2XB2NM83T37J14ZQ1"',
173 silly registry.get     age: '0',
173 silly registry.get     'x-served-by': 'cache-lax1429-LAX',
173 silly registry.get     'x-cache': 'HIT',
173 silly registry.get     'x-cache-hits': '1',
173 silly registry.get     'x-timer': 'S1423947921.210574,VS0,VE72',
173 silly registry.get     vary: 'Accept',
173 silly registry.get     'content-length': '0',
173 silly registry.get     'keep-alive': 'timeout=10, max=49',
173 silly registry.get     connection: 'Keep-Alive' } ]
174 verbose etag https://registry.npmjs.org/ejs from cache
175 silly lockFile 989d1ba9-pmjs-org-morgan-morgan-1-5-1-tgz https://registry.npmjs.org/morgan/-/morgan-1.5.1.tgz
176 verbose lock https://registry.npmjs.org/morgan/-/morgan-1.5.1.tgz /Users/David/.npm/989d1ba9-pmjs-org-morgan-morgan-1-5-1-tgz.lock
177 silly lockFile 656b33b7-debug-2-1-1 debug@2.1.1
178 silly lockFile 656b33b7-debug-2-1-1 debug@2.1.1
179 verbose addRemoteTarball [ 'https://registry.npmjs.org/morgan/-/morgan-1.5.1.tgz',
179 verbose addRemoteTarball   'a9688eed9187ab648d816fc09c696fae882e16f6' ]
180 silly lockFile 09d11068-debug-2-1-1 debug@~2.1.1
181 silly lockFile 09d11068-debug-2-1-1 debug@~2.1.1
182 silly lockFile 864e7377-e-parser-cookie-parser-1-3-3-tgz https://registry.npmjs.org/cookie-parser/-/cookie-parser-1.3.3.tgz
183 verbose lock https://registry.npmjs.org/cookie-parser/-/cookie-parser-1.3.3.tgz /Users/David/.npm/864e7377-e-parser-cookie-parser-1-3-3-tgz.lock
184 silly lockFile cf44cf19--favicon-serve-favicon-2-2-0-tgz https://registry.npmjs.org/serve-favicon/-/serve-favicon-2.2.0.tgz
185 verbose lock https://registry.npmjs.org/serve-favicon/-/serve-favicon-2.2.0.tgz /Users/David/.npm/cf44cf19--favicon-serve-favicon-2-2-0-tgz.lock
186 verbose addRemoteTarball [ 'https://registry.npmjs.org/cookie-parser/-/cookie-parser-1.3.3.tgz',
186 verbose addRemoteTarball   '7e3a2c745f4b460d5a340e578a0baa5d7725fe37' ]
187 verbose addRemoteTarball [ 'https://registry.npmjs.org/serve-favicon/-/serve-favicon-2.2.0.tgz',
187 verbose addRemoteTarball   'a0c25ee8a652e1a638a67db46269cd52a8705858' ]
188 silly addNameRange number 2 { name: 'ejs', range: '>=2.2.3-0 <2.3.0-0', hasData: true }
189 silly addNameRange versions [ 'ejs',
189 silly addNameRange   [ '0.0.1',
189 silly addNameRange     '0.0.2',
189 silly addNameRange     '0.0.3',
189 silly addNameRange     '0.0.4',
189 silly addNameRange     '0.1.0',
189 silly addNameRange     '0.2.0',
189 silly addNameRange     '0.2.1',
189 silly addNameRange     '0.3.0',
189 silly addNameRange     '0.3.1',
189 silly addNameRange     '0.4.0',
189 silly addNameRange     '0.4.1',
189 silly addNameRange     '0.4.2',
189 silly addNameRange     '0.4.3',
189 silly addNameRange     '0.5.0',
189 silly addNameRange     '0.6.0',
189 silly addNameRange     '0.6.1',
189 silly addNameRange     '0.7.0',
189 silly addNameRange     '0.7.1',
189 silly addNameRange     '0.7.2',
189 silly addNameRange     '0.8.0',
189 silly addNameRange     '0.8.1',
189 silly addNameRange     '0.8.2',
189 silly addNameRange     '0.8.3',
189 silly addNameRange     '0.8.4',
189 silly addNameRange     '0.8.5',
189 silly addNameRange     '0.8.6',
189 silly addNameRange     '0.8.8',
189 silly addNameRange     '1.0.0',
189 silly addNameRange     '2.0.2',
189 silly addNameRange     '2.0.3',
189 silly addNameRange     '2.0.4',
189 silly addNameRange     '2.0.5',
189 silly addNameRange     '2.0.6',
189 silly addNameRange     '2.0.7',
189 silly addNameRange     '2.0.8',
189 silly addNameRange     '2.1.1',
189 silly addNameRange     '2.1.2',
189 silly addNameRange     '2.1.3',
189 silly addNameRange     '2.1.4',
189 silly addNameRange     '2.2.1',
189 silly addNameRange     '2.2.2',
189 silly addNameRange     '2.2.3',
189 silly addNameRange     '2.2.4' ] ]
190 verbose addNamed [ 'ejs', '2.2.4' ]
191 verbose addNamed [ '2.2.4', '2.2.4' ]
192 silly lockFile d1128264-ejs-2-2-4 ejs@2.2.4
193 verbose lock ejs@2.2.4 /Users/David/.npm/d1128264-ejs-2-2-4.lock
194 info retry fetch attempt 1 at 13:05:21
195 verbose fetch to= /var/folders/5d/727p23113hgf8nk0b3x7450m0000gp/T/npm-45745-NxN8m7Ub/registry.npmjs.org/morgan/-/morgan-1.5.1.tgz
196 info retry fetch attempt 1 at 13:05:21
197 verbose fetch to= /var/folders/5d/727p23113hgf8nk0b3x7450m0000gp/T/npm-45745-NxN8m7Ub/registry.npmjs.org/cookie-parser/-/cookie-parser-1.3.3.tgz
198 http GET https://registry.npmjs.org/morgan/-/morgan-1.5.1.tgz
199 silly lockFile c04f5e87-stry-npmjs-org-ejs-ejs-2-2-4-tgz https://registry.npmjs.org/ejs/-/ejs-2.2.4.tgz
200 verbose lock https://registry.npmjs.org/ejs/-/ejs-2.2.4.tgz /Users/David/.npm/c04f5e87-stry-npmjs-org-ejs-ejs-2-2-4-tgz.lock
201 info retry fetch attempt 1 at 13:05:21
202 verbose fetch to= /var/folders/5d/727p23113hgf8nk0b3x7450m0000gp/T/npm-45745-NxN8m7Ub/registry.npmjs.org/serve-favicon/-/serve-favicon-2.2.0.tgz
203 http GET https://registry.npmjs.org/cookie-parser/-/cookie-parser-1.3.3.tgz
204 http GET https://registry.npmjs.org/serve-favicon/-/serve-favicon-2.2.0.tgz
205 verbose addRemoteTarball [ 'https://registry.npmjs.org/ejs/-/ejs-2.2.4.tgz',
205 verbose addRemoteTarball   'f0af7e366c13149dd7ae30106c0c0e1cad11903c' ]
206 info retry fetch attempt 1 at 13:05:21
207 verbose fetch to= /var/folders/5d/727p23113hgf8nk0b3x7450m0000gp/T/npm-45745-NxN8m7Ub/registry.npmjs.org/ejs/-/ejs-2.2.4.tgz
208 http GET https://registry.npmjs.org/ejs/-/ejs-2.2.4.tgz
209 http 200 https://registry.npmjs.org/body-parser
210 silly registry.get cb [ 200,
210 silly registry.get   { date: 'Sat, 14 Feb 2015 21:05:21 GMT',
210 silly registry.get     server: 'CouchDB/1.5.0 (Erlang OTP/R16B03)',
210 silly registry.get     etag: '"1VW86JUBFCTE418FHF30UW3MX"',
210 silly registry.get     'content-type': 'application/json',
210 silly registry.get     'cache-control': 'max-age=60',
210 silly registry.get     'content-length': '87796',
210 silly registry.get     'accept-ranges': 'bytes',
210 silly registry.get     via: '1.1 varnish',
210 silly registry.get     age: '2',
210 silly registry.get     'x-served-by': 'cache-lax1431-LAX',
210 silly registry.get     'x-cache': 'HIT',
210 silly registry.get     'x-cache-hits': '1',
210 silly registry.get     'x-timer': 'S1423947921.226680,VS0,VE1',
210 silly registry.get     vary: 'Accept',
210 silly registry.get     'keep-alive': 'timeout=10, max=49',
210 silly registry.get     connection: 'Keep-Alive' } ]
211 silly addNameRange number 2 { name: 'body-parser',
211 silly addNameRange   range: '>=1.10.2-0 <1.11.0-0',
211 silly addNameRange   hasData: true }
212 silly addNameRange versions [ 'body-parser',
212 silly addNameRange   [ '1.0.0',
212 silly addNameRange     '1.0.1',
212 silly addNameRange     '1.0.2',
212 silly addNameRange     '1.1.0',
212 silly addNameRange     '1.1.1',
212 silly addNameRange     '1.1.2',
212 silly addNameRange     '1.2.0',
212 silly addNameRange     '1.2.1',
212 silly addNameRange     '1.2.2',
212 silly addNameRange     '1.3.0',
212 silly addNameRange     '1.3.1',
212 silly addNameRange     '1.4.0',
212 silly addNameRange     '1.4.1',
212 silly addNameRange     '1.4.2',
212 silly addNameRange     '1.4.3',
212 silly addNameRange     '1.5.0',
212 silly addNameRange     '1.5.1',
212 silly addNameRange     '1.5.2',
212 silly addNameRange     '1.6.0',
212 silly addNameRange     '1.6.1',
212 silly addNameRange     '1.6.2',
212 silly addNameRange     '1.6.3',
212 silly addNameRange     '1.6.4',
212 silly addNameRange     '1.6.5',
212 silly addNameRange     '1.6.6',
212 silly addNameRange     '1.6.7',
212 silly addNameRange     '1.7.0',
212 silly addNameRange     '1.8.0',
212 silly addNameRange     '1.8.1',
212 silly addNameRange     '1.8.2',
212 silly addNameRange     '1.8.3',
212 silly addNameRange     '1.8.4',
212 silly addNameRange     '1.9.0',
212 silly addNameRange     '1.9.1',
212 silly addNameRange     '1.9.2',
212 silly addNameRange     '1.9.3',
212 silly addNameRange     '1.10.0',
212 silly addNameRange     '1.10.1',
212 silly addNameRange     '1.10.2',
212 silly addNameRange     '1.11.0',
212 silly addNameRange     '1.12.0' ] ]
213 verbose addNamed [ 'body-parser', '1.10.2' ]
214 verbose addNamed [ '1.10.2', '1.10.2' ]
215 silly lockFile 6255e82a-body-parser-1-10-2 body-parser@1.10.2
216 verbose lock body-parser@1.10.2 /Users/David/.npm/6255e82a-body-parser-1-10-2.lock
217 silly lockFile 6255e82a-body-parser-1-10-2 body-parser@1.10.2
218 silly lockFile 6255e82a-body-parser-1-10-2 body-parser@1.10.2
219 silly lockFile 72eb9479-body-parser-1-10-2 body-parser@~1.10.2
220 silly lockFile 72eb9479-body-parser-1-10-2 body-parser@~1.10.2
221 http 200 https://registry.npmjs.org/morgan/-/morgan-1.5.1.tgz
222 http 200 https://registry.npmjs.org/cookie-parser/-/cookie-parser-1.3.3.tgz
223 silly lockFile 989d1ba9-pmjs-org-morgan-morgan-1-5-1-tgz https://registry.npmjs.org/morgan/-/morgan-1.5.1.tgz
224 silly lockFile 989d1ba9-pmjs-org-morgan-morgan-1-5-1-tgz https://registry.npmjs.org/morgan/-/morgan-1.5.1.tgz
225 silly lockFile 864e7377-e-parser-cookie-parser-1-3-3-tgz https://registry.npmjs.org/cookie-parser/-/cookie-parser-1.3.3.tgz
226 silly lockFile 864e7377-e-parser-cookie-parser-1-3-3-tgz https://registry.npmjs.org/cookie-parser/-/cookie-parser-1.3.3.tgz
227 silly lockFile 7ab299d0-morgan-1-5-1 morgan@1.5.1
228 silly lockFile 7ab299d0-morgan-1-5-1 morgan@1.5.1
229 silly lockFile 68450bd4-cookie-parser-1-3-3 cookie-parser@1.3.3
230 silly lockFile 68450bd4-cookie-parser-1-3-3 cookie-parser@1.3.3
231 silly lockFile 66ba047d-morgan-1-5-1 morgan@~1.5.1
232 silly lockFile 66ba047d-morgan-1-5-1 morgan@~1.5.1
233 silly lockFile bf5babd8-cookie-parser-1-3-3 cookie-parser@~1.3.3
234 silly lockFile bf5babd8-cookie-parser-1-3-3 cookie-parser@~1.3.3
235 http 200 https://registry.npmjs.org/serve-favicon/-/serve-favicon-2.2.0.tgz
236 silly lockFile cf44cf19--favicon-serve-favicon-2-2-0-tgz https://registry.npmjs.org/serve-favicon/-/serve-favicon-2.2.0.tgz
237 silly lockFile cf44cf19--favicon-serve-favicon-2-2-0-tgz https://registry.npmjs.org/serve-favicon/-/serve-favicon-2.2.0.tgz
238 silly lockFile cef81d7c-serve-favicon-2-2-0 serve-favicon@2.2.0
239 silly lockFile cef81d7c-serve-favicon-2-2-0 serve-favicon@2.2.0
240 silly lockFile 9df5bad7-serve-favicon-2-2-0 serve-favicon@~2.2.0
241 silly lockFile 9df5bad7-serve-favicon-2-2-0 serve-favicon@~2.2.0
242 http 200 https://registry.npmjs.org/ejs/-/ejs-2.2.4.tgz
243 silly lockFile c04f5e87-stry-npmjs-org-ejs-ejs-2-2-4-tgz https://registry.npmjs.org/ejs/-/ejs-2.2.4.tgz
244 silly lockFile c04f5e87-stry-npmjs-org-ejs-ejs-2-2-4-tgz https://registry.npmjs.org/ejs/-/ejs-2.2.4.tgz
245 silly lockFile d1128264-ejs-2-2-4 ejs@2.2.4
246 silly lockFile d1128264-ejs-2-2-4 ejs@2.2.4
247 silly lockFile 4a8f038c-ejs-2-2-3 ejs@~2.2.3
248 silly lockFile 4a8f038c-ejs-2-2-3 ejs@~2.2.3
249 http 200 https://registry.npmjs.org/express
250 silly registry.get cb [ 200,
250 silly registry.get   { date: 'Sat, 14 Feb 2015 21:05:21 GMT',
250 silly registry.get     server: 'CouchDB/1.5.0 (Erlang OTP/R16B03)',
250 silly registry.get     etag: '"60CBA8BKCXL16I9HJ5DUVDPAT"',
250 silly registry.get     'content-type': 'application/json',
250 silly registry.get     'cache-control': 'max-age=60',
250 silly registry.get     'content-length': '469823',
250 silly registry.get     'accept-ranges': 'bytes',
250 silly registry.get     via: '1.1 varnish',
250 silly registry.get     age: '22',
250 silly registry.get     'x-served-by': 'cache-lax1425-LAX',
250 silly registry.get     'x-cache': 'HIT',
250 silly registry.get     'x-cache-hits': '1',
250 silly registry.get     'x-timer': 'S1423947921.169362,VS0,VE2',
250 silly registry.get     vary: 'Accept',
250 silly registry.get     'keep-alive': 'timeout=10, max=50',
250 silly registry.get     connection: 'Keep-Alive' } ]
251 silly addNameRange number 2 { name: 'express', range: '>=4.11.1-0 <4.12.0-0', hasData: true }
252 silly addNameRange versions [ 'express',
252 silly addNameRange   [ '0.14.0',
252 silly addNameRange     '0.14.1',
252 silly addNameRange     '1.0.0',
252 silly addNameRange     '1.0.1',
252 silly addNameRange     '1.0.2',
252 silly addNameRange     '1.0.3',
252 silly addNameRange     '1.0.4',
252 silly addNameRange     '1.0.5',
252 silly addNameRange     '1.0.6',
252 silly addNameRange     '1.0.7',
252 silly addNameRange     '1.0.8',
252 silly addNameRange     '2.0.0',
252 silly addNameRange     '2.1.0',
252 silly addNameRange     '2.1.1',
252 silly addNameRange     '2.2.0',
252 silly addNameRange     '2.2.1',
252 silly addNameRange     '2.2.2',
252 silly addNameRange     '2.3.0',
252 silly addNameRange     '2.3.1',
252 silly addNameRange     '2.3.2',
252 silly addNameRange     '2.3.3',
252 silly addNameRange     '2.3.4',
252 silly addNameRange     '2.3.5',
252 silly addNameRange     '2.3.6',
252 silly addNameRange     '2.3.7',
252 silly addNameRange     '2.3.8',
252 silly addNameRange     '2.3.9',
252 silly addNameRange     '2.3.10',
252 silly addNameRange     '2.3.11',
252 silly addNameRange     '2.3.12',
252 silly addNameRange     '2.4.0',
252 silly addNameRange     '2.4.1',
252 silly addNameRange     '2.4.2',
252 silly addNameRange     '2.4.3',
252 silly addNameRange     '2.4.4',
252 silly addNameRange     '2.4.5',
252 silly addNameRange     '2.4.6',
252 silly addNameRange     '2.4.7',
252 silly addNameRange     '2.5.0',
252 silly addNameRange     '2.5.1',
252 silly addNameRange     '2.5.2',
252 silly addNameRange     '2.5.3',
252 silly addNameRange     '2.5.4',
252 silly addNameRange     '2.5.5',
252 silly addNameRange     '2.5.6',
252 silly addNameRange     '2.5.7',
252 silly addNameRange     '2.5.8',
252 silly addNameRange     '2.5.9',
252 silly addNameRange     '2.5.10',
252 silly addNameRange     '2.5.11',
252 silly addNameRange     '3.0.0',
252 silly addNameRange     '3.0.1',
252 silly addNameRange     '3.0.2',
252 silly addNameRange     '3.0.3',
252 silly addNameRange     '3.0.4',
252 silly addNameRange     '3.0.5',
252 silly addNameRange     '3.0.6',
252 silly addNameRange     '3.1.0',
252 silly addNameRange     '3.1.1',
252 silly addNameRange     '3.1.2',
252 silly addNameRange     '3.2.0',
252 silly addNameRange     '3.2.1',
252 silly addNameRange     '3.2.2',
252 silly addNameRange     '3.2.3',
252 silly addNameRange     '3.2.4',
252 silly addNameRange     '3.2.5',
252 silly addNameRange     '3.2.6',
252 silly addNameRange     '3.3.0',
252 silly addNameRange     '3.3.1',
252 silly addNameRange     '3.3.2',
252 silly addNameRange     '3.3.3',
252 silly addNameRange     '3.3.4',
252 silly addNameRange     '3.3.5',
252 silly addNameRange     '3.3.6',
252 silly addNameRange     '1.0.0-beta',
252 silly addNameRange     '1.0.0-beta2',
252 silly addNameRange     '1.0.0-rc',
252 silly addNameRange     '1.0.0-rc2',
252 silly addNameRange     '1.0.0-rc3',
252 silly addNameRange     '1.0.0-rc4',
252 silly addNameRange     '2.0.0-beta',
252 silly addNameRange     '2.0.0-beta2',
252 silly addNameRange     '2.0.0-beta3',
252 silly addNameRange     '2.0.0-rc',
252 silly addNameRange     '2.0.0-rc2',
252 silly addNameRange     '2.0.0-rc3',
252 silly addNameRange     '3.0.0-alpha1',
252 silly addNameRange     '3.0.0-alpha2',
252 silly addNameRange     '3.0.0-alpha3',
252 silly addNameRange     '3.0.0-alpha4',
252 silly addNameRange     '3.0.0-alpha5',
252 silly addNameRange     '3.0.0-beta1',
252 silly addNameRange     '3.0.0-beta2',
252 silly addNameRange     '3.0.0-beta3',
252 silly addNameRange     '3.0.0-beta4',
252 silly addNameRange     '3.0.0-beta6',
252 silly addNameRange     '3.0.0-beta7',
252 silly addNameRange     '3.0.0-rc1',
252 silly addNameRange     '3.0.0-rc2',
252 silly addNameRange     '3.0.0-rc3',
252 silly addNameRange     '3.0.0-rc4',
252 silly addNameRange     '3.0.0-rc5',
252 silly addNameRange     '3.3.7',
252 silly addNameRange     '3.3.8',
252 silly addNameRange     '3.4.0',
252 silly addNameRange     '3.4.1',
252 silly addNameRange     '3.4.2',
252 silly addNameRange     '3.4.3',
252 silly addNameRange     '3.4.4',
252 silly addNameRange     '3.4.5',
252 silly addNameRange     '3.4.6',
252 silly addNameRange     '3.4.7',
252 silly addNameRange     '3.4.8',
252 silly addNameRange     '4.0.0-rc1',
252 silly addNameRange     '4.0.0-rc2',
252 silly addNameRange     '3.5.0',
252 silly addNameRange     '4.0.0-rc3',
252 silly addNameRange     '4.0.0-rc4',
252 silly addNameRange     '3.5.1',
252 silly addNameRange     '4.0.0',
252 silly addNameRange     '3.5.2',
252 silly addNameRange     '4.1.0',
252 silly addNameRange     '4.1.1',
252 silly addNameRange     '3.5.3',
252 silly addNameRange     '4.1.2',
252 silly addNameRange     '3.6.0',
252 silly addNameRange     '4.2.0',
252 silly addNameRange     '3.7.0',
252 silly addNameRange     '3.8.0',
252 silly addNameRange     '4.3.0',
252 silly addNameRange     '4.3.1',
252 silly addNameRange     '3.8.1',
252 silly addNameRange     '4.3.2',
252 silly addNameRange     '3.9.0',
252 silly addNameRange     '4.4.0',
252 silly addNameRange     '4.4.1',
252 silly addNameRange     '3.10.0',
252 silly addNameRange     '3.10.1',
252 silly addNameRange     '3.10.2',
252 silly addNameRange     '3.10.3',
252 silly addNameRange     '3.10.4',
252 silly addNameRange     '4.4.2',
252 silly addNameRange     '3.10.5',
252 silly addNameRange     '4.4.3',
252 silly addNameRange     '3.11.0',
252 silly addNameRange     '4.4.4',
252 silly addNameRange     '3.12.0',
252 silly addNameRange     '3.12.1',
252 silly addNameRange     '4.4.5',
252 silly addNameRange     '3.13.0',
252 silly addNameRange     '4.5.0',
252 silly addNameRange     '4.5.1',
252 silly addNameRange     '3.14.0',
252 silly addNameRange     '4.6.0',
252 silly addNameRange     '4.6.1',
252 silly addNameRange     '3.15.0',
252 silly addNameRange     '4.7.0',
252 silly addNameRange     '3.15.1',
252 silly addNameRange     '4.7.1',
252 silly addNameRange     '3.15.2',
252 silly addNameRange     '4.7.2',
252 silly addNameRange     '4.7.3',
252 silly addNameRange     '3.15.3',
252 silly addNameRange     '4.7.4',
252 silly addNameRange     '3.16.0',
252 silly addNameRange     '4.8.0',
252 silly addNameRange     '3.16.1',
252 silly addNameRange     '4.8.1',
252 silly addNameRange     '3.16.2',
252 silly addNameRange     '4.8.2',
252 silly addNameRange     '3.16.3',
252 silly addNameRange     '3.16.4',
252 silly addNameRange     '4.8.3',
252 silly addNameRange     '3.16.5',
252 silly addNameRange     '3.16.6',
252 silly addNameRange     '4.8.4',
252 silly addNameRange     '3.16.7',
252 silly addNameRange     '4.8.5',
252 silly addNameRange     '3.16.8',
252 silly addNameRange     '4.8.6',
252 silly addNameRange     '3.16.9',
252 silly addNameRange     '4.8.7',
252 silly addNameRange     '3.16.10',
252 silly addNameRange     '4.8.8',
252 silly addNameRange     '3.17.0',
252 silly addNameRange     '3.17.1',
252 silly addNameRange     '4.9.0',
252 silly addNameRange     '3.17.2',
252 silly addNameRange     '4.9.1',
252 silly addNameRange     '4.9.2',
252 silly addNameRange     '3.17.3',
252 silly addNameRange     '4.9.3',
252 silly addNameRange     '3.17.4',
252 silly addNameRange     '4.9.4',
252 silly addNameRange     '3.17.5',
252 silly addNameRange     '4.9.5',
252 silly addNameRange     '3.17.6',
252 silly addNameRange     '3.17.7',
252 silly addNameRange     '4.9.6',
252 silly addNameRange     '4.9.7',
252 silly addNameRange     '3.17.8',
252 silly addNameRange     '4.9.8',
252 silly addNameRange     '3.18.0',
252 silly addNameRange     '3.18.1',
252 silly addNameRange     '4.10.0',
252 silly addNameRange     '3.18.2',
252 silly addNameRange     '4.10.1',
252 silly addNameRange     '5.0.0-alpha.1',
252 silly addNameRange     '3.18.3',
252 silly addNameRange     '4.10.2',
252 silly addNameRange     '3.18.4',
252 silly addNameRange     '4.10.3',
252 silly addNameRange     '4.10.4',
252 silly addNameRange     '4.10.5',
252 silly addNameRange     '3.18.5',
252 silly addNameRange     '3.18.6',
252 silly addNameRange     '4.10.6',
252 silly addNameRange     '4.10.7',
252 silly addNameRange     '3.19.0',
252 silly addNameRange     '4.10.8',
252 silly addNameRange     '4.11.0',
252 silly addNameRange     '3.19.1',
252 silly addNameRange     '4.11.1',
252 silly addNameRange     '3.19.2',
252 silly addNameRange     '4.11.2' ] ]
253 verbose addNamed [ 'express', '4.11.2' ]
254 verbose addNamed [ '4.11.2', '4.11.2' ]
255 silly lockFile 69e74cc8-express-4-11-2 express@4.11.2
256 verbose lock express@4.11.2 /Users/David/.npm/69e74cc8-express-4-11-2.lock
257 silly lockFile 69e74cc8-express-4-11-2 express@4.11.2
258 silly lockFile 69e74cc8-express-4-11-2 express@4.11.2
259 silly lockFile 494d735c-express-4-11-1 express@~4.11.1
260 silly lockFile 494d735c-express-4-11-1 express@~4.11.1
261 error Error: EACCES, mkdir '/Users/David/.npm/ejs/2.2.4'
261 error  { [Error: EACCES, mkdir '/Users/David/.npm/ejs/2.2.4']
261 error   errno: 3,
261 error   code: 'EACCES',
261 error   path: '/Users/David/.npm/ejs/2.2.4',
261 error   parent: 'flapper-news' }
262 error Please try running this command again as root/Administrator.
263 error System Darwin 13.4.0
264 error command "node" "/usr/local/bin/npm" "install"
265 error cwd /Users/David/Dropbox/intro projects/node/flapper_news/flapper-news
266 error node -v v0.10.35
267 error npm -v 1.4.28
268 error path /Users/David/.npm/ejs/2.2.4
269 error code EACCES
270 error errno 3
271 error stack Error: EACCES, mkdir '/Users/David/.npm/ejs/2.2.4'
272 verbose exit [ 3, true ]
